<?xml version="1.0" encoding="UTF-8"?>
<!-- Generated by org.testng.reporters.JUnitReportReporter -->
<testsuite hostname="DESKTOP-2EUAV19" failures="0" tests="1" name="PageTests.Login_pagetest" time="0.146" errors="0" timestamp="12 Aug 2022 05:49:28 GMT" skipped="0">
  <testcase classname="PageTests.Login_pagetest" name="LoginCreden_Test" time="0.146"/>
</testsuite> <!-- PageTests.Login_pagetest -->
