<?xml version="1.0" encoding="UTF-8"?>
<!-- Generated by org.testng.reporters.JUnitReportReporter -->
<testsuite hostname="DESKTOP-2EUAV19" failures="0" tests="1" name="PageTests.Rev_Summary_Daily" time="34.497" errors="0" timestamp="29 Aug 2022 11:18:36 GMT" skipped="0">
  <testcase classname="PageTests.Rev_Summary_Daily" name="Rev_Summary_Count" time="34.497"/>
</testsuite> <!-- PageTests.Rev_Summary_Daily -->
