<?xml version="1.0" encoding="UTF-8"?>
<!-- Generated by org.testng.reporters.JUnitReportReporter -->
<testsuite hostname="Vaibhav" failures="0" tests="1" name="PageTests.Rev_Summary_Daily" time="23.368" errors="0" timestamp="30 Jul 2022 05:26:56 GMT" skipped="0">
  <testcase classname="PageTests.Rev_Summary_Daily" name="Rev_Summary_Count" time="23.368"/>
</testsuite> <!-- PageTests.Rev_Summary_Daily -->
