<?xml version="1.0" encoding="UTF-8"?>
<!-- Generated by org.testng.reporters.JUnitReportReporter -->
<testsuite hostname="DESKTOP-KK2VOSH" failures="0" tests="1" name="PageTests.Login_pagetest" time="0.274" errors="0" timestamp="15 Jul 2022 10:45:09 GMT" skipped="0">
  <testcase classname="PageTests.Login_pagetest" name="LoginCreden_Test" time="0.274"/>
</testsuite> <!-- PageTests.Login_pagetest -->
